[2025-09-03T05:09:50.891+0000] {local_task_job_runner.py:120} INFO - ::group::Pre task execution logs
[2025-09-03T05:09:50.965+0000] {taskinstance.py:2076} INFO - Dependencies all met for dep_context=non-requeueable deps ti=<TaskInstance: dbt_run_models.run_dbt_models manual__2025-09-03T05:09:48.876635+00:00 [queued]>
[2025-09-03T05:09:50.991+0000] {taskinstance.py:2076} INFO - Dependencies all met for dep_context=requeueable deps ti=<TaskInstance: dbt_run_models.run_dbt_models manual__2025-09-03T05:09:48.876635+00:00 [queued]>
[2025-09-03T05:09:50.992+0000] {taskinstance.py:2306} INFO - Starting attempt 1 of 2
[2025-09-03T05:09:51.037+0000] {taskinstance.py:2330} INFO - Executing <Task(BashOperator): run_dbt_models> on 2025-09-03 05:09:48.876635+00:00
[2025-09-03T05:09:51.049+0000] {warnings.py:112} WARNING - /home/airflow/.local/lib/python3.12/site-packages/airflow/task/task_runner/standard_task_runner.py:62: DeprecationWarning: This process (pid=2979) is multi-threaded, use of fork() may lead to deadlocks in the child.
  pid = os.fork()

[2025-09-03T05:09:51.051+0000] {standard_task_runner.py:64} INFO - Started process 2980 to run task
[2025-09-03T05:09:51.056+0000] {standard_task_runner.py:90} INFO - Running: ['airflow', 'tasks', 'run', 'dbt_run_models', 'run_dbt_models', 'manual__2025-09-03T05:09:48.876635+00:00', '--job-id', '925', '--raw', '--subdir', 'DAGS_FOLDER/dbt_dag.py', '--cfg-path', '/tmp/tmpxanl97b7']
[2025-09-03T05:09:51.058+0000] {standard_task_runner.py:91} INFO - Job 925: Subtask run_dbt_models
[2025-09-03T05:09:51.088+0000] {warnings.py:112} WARNING - /home/airflow/.local/lib/python3.12/site-packages/airflow/settings.py:195: DeprecationWarning: The sql_alchemy_conn option in [core] has been moved to the sql_alchemy_conn option in [database] - the old setting has been used, but please update your config.
  SQL_ALCHEMY_CONN = conf.get("database", "SQL_ALCHEMY_CONN")

[2025-09-03T05:09:51.149+0000] {task_command.py:426} INFO - Running <TaskInstance: dbt_run_models.run_dbt_models manual__2025-09-03T05:09:48.876635+00:00 [running]> on host b5ea13053d47
[2025-09-03T05:09:51.349+0000] {taskinstance.py:2648} INFO - Exporting env vars: AIRFLOW_CTX_DAG_OWNER='airflow' AIRFLOW_CTX_DAG_ID='dbt_run_models' AIRFLOW_CTX_TASK_ID='run_dbt_models' AIRFLOW_CTX_EXECUTION_DATE='2025-09-03T05:09:48.876635+00:00' AIRFLOW_CTX_TRY_NUMBER='1' AIRFLOW_CTX_DAG_RUN_ID='manual__2025-09-03T05:09:48.876635+00:00'
[2025-09-03T05:09:51.350+0000] {taskinstance.py:430} INFO - ::endgroup::
[2025-09-03T05:09:51.371+0000] {subprocess.py:63} INFO - Tmp dir root location: /tmp
[2025-09-03T05:09:51.372+0000] {subprocess.py:75} INFO - Running command: ['/usr/bin/bash', '-c', '\n        cd /usr/app &&         dbt run --profiles-dir /usr/app\n        ']
[2025-09-03T05:09:51.384+0000] {subprocess.py:86} INFO - Output:
[2025-09-03T05:09:54.993+0000] {subprocess.py:93} INFO - [0m05:09:54  Running with dbt=1.7.9
[2025-09-03T05:09:55.774+0000] {subprocess.py:93} INFO - [0m05:09:55  Registered adapter: postgres=1.7.9
[2025-09-03T05:09:56.146+0000] {subprocess.py:93} INFO - [0m05:09:56  [[33mWARNING[0m]: Configuration paths exist in your dbt_project.yml file which do not apply to any resources.
[2025-09-03T05:09:56.147+0000] {subprocess.py:93} INFO - There are 1 unused configuration paths:
[2025-09-03T05:09:56.148+0000] {subprocess.py:93} INFO - - models.my_project.sources
[2025-09-03T05:09:56.192+0000] {subprocess.py:93} INFO - [0m05:09:56  Found 5 models, 7 sources, 0 exposures, 0 metrics, 401 macros, 0 groups, 0 semantic models
[2025-09-03T05:09:56.197+0000] {subprocess.py:93} INFO - [0m05:09:56
[2025-09-03T05:09:56.467+0000] {subprocess.py:93} INFO - [0m05:09:56  Concurrency: 4 threads (target='dev')
[2025-09-03T05:09:56.468+0000] {subprocess.py:93} INFO - [0m05:09:56
[2025-09-03T05:09:56.498+0000] {subprocess.py:93} INFO - [0m05:09:56  1 of 5 START sql view model analytics.stg_order_count_year ..................... [RUN]
[2025-09-03T05:09:56.518+0000] {subprocess.py:93} INFO - [0m05:09:56  2 of 5 START sql view model analytics.stg_order_details ........................ [RUN]
[2025-09-03T05:09:56.544+0000] {subprocess.py:93} INFO - [0m05:09:56  3 of 5 START sql view model analytics.stg_orders ............................... [RUN]
[2025-09-03T05:09:57.024+0000] {subprocess.py:93} INFO - [0m05:09:57  3 of 5 OK created sql view model analytics.stg_orders .......................... [[32mCREATE VIEW[0m in 0.45s]
[2025-09-03T05:09:57.028+0000] {subprocess.py:93} INFO - [0m05:09:57  2 of 5 OK created sql view model analytics.stg_order_details ................... [[32mCREATE VIEW[0m in 0.48s]
[2025-09-03T05:09:57.029+0000] {subprocess.py:93} INFO - [0m05:09:57  1 of 5 OK created sql view model analytics.stg_order_count_year ................ [[32mCREATE VIEW[0m in 0.51s]
[2025-09-03T05:09:57.045+0000] {subprocess.py:93} INFO - [0m05:09:57  4 of 5 START sql table model analytics.order_count_year ........................ [RUN]
[2025-09-03T05:09:57.058+0000] {subprocess.py:93} INFO - [0m05:09:57  5 of 5 START sql table model analytics.orders_summary .......................... [RUN]
[2025-09-03T05:09:57.347+0000] {subprocess.py:93} INFO - [0m05:09:57  4 of 5 ERROR creating sql table model analytics.order_count_year ............... [[31mERROR[0m in 0.29s]
[2025-09-03T05:09:57.540+0000] {subprocess.py:93} INFO - [0m05:09:57  5 of 5 OK created sql table model analytics.orders_summary ..................... [[32mSELECT 10000[0m in 0.48s]
[2025-09-03T05:09:57.573+0000] {subprocess.py:93} INFO - [0m05:09:57
[2025-09-03T05:09:57.576+0000] {subprocess.py:93} INFO - [0m05:09:57  Finished running 3 view models, 2 table models in 0 hours 0 minutes and 1.38 seconds (1.38s).
[2025-09-03T05:09:57.597+0000] {subprocess.py:93} INFO - [0m05:09:57
[2025-09-03T05:09:57.598+0000] {subprocess.py:93} INFO - [0m05:09:57  [31mCompleted with 1 error and 0 warnings:[0m
[2025-09-03T05:09:57.599+0000] {subprocess.py:93} INFO - [0m05:09:57
[2025-09-03T05:09:57.601+0000] {subprocess.py:93} INFO - [0m05:09:57    Database Error in model order_count_year (models/marts/order_count_year.sql)
[2025-09-03T05:09:57.601+0000] {subprocess.py:93} INFO -   syntax error at or near "."
[2025-09-03T05:09:57.602+0000] {subprocess.py:93} INFO -   LINE 13:     date_part('year', ord.order_date) as ord.year,
[2025-09-03T05:09:57.602+0000] {subprocess.py:93} INFO -                                                        ^
[2025-09-03T05:09:57.602+0000] {subprocess.py:93} INFO -   compiled Code at target/run/my_project/models/marts/order_count_year.sql
[2025-09-03T05:09:57.603+0000] {subprocess.py:93} INFO - [0m05:09:57
[2025-09-03T05:09:57.603+0000] {subprocess.py:93} INFO - [0m05:09:57  Done. PASS=4 WARN=0 ERROR=1 SKIP=0 TOTAL=5
[2025-09-03T05:09:58.816+0000] {subprocess.py:97} INFO - Command exited with return code 1
[2025-09-03T05:09:58.817+0000] {taskinstance.py:441} INFO - ::group::Post task execution logs
[2025-09-03T05:09:58.827+0000] {taskinstance.py:2905} ERROR - Task failed with exception
Traceback (most recent call last):
  File "/home/airflow/.local/lib/python3.12/site-packages/airflow/models/taskinstance.py", line 465, in _execute_task
    result = _execute_callable(context=context, **execute_callable_kwargs)
             ^^^^^^^^^^^^^^^^^^^^^^^^^^^^^^^^^^^^^^^^^^^^^^^^^^^^^^^^^^^^^
  File "/home/airflow/.local/lib/python3.12/site-packages/airflow/models/taskinstance.py", line 432, in _execute_callable
    return execute_callable(context=context, **execute_callable_kwargs)
           ^^^^^^^^^^^^^^^^^^^^^^^^^^^^^^^^^^^^^^^^^^^^^^^^^^^^^^^^^^^^
  File "/home/airflow/.local/lib/python3.12/site-packages/airflow/models/baseoperator.py", line 401, in wrapper
    return func(self, *args, **kwargs)
           ^^^^^^^^^^^^^^^^^^^^^^^^^^^
  File "/home/airflow/.local/lib/python3.12/site-packages/airflow/operators/bash.py", line 243, in execute
    raise AirflowException(
airflow.exceptions.AirflowException: Bash command failed. The command returned a non-zero exit code 1.
[2025-09-03T05:09:58.831+0000] {taskinstance.py:1206} INFO - Marking task as UP_FOR_RETRY. dag_id=dbt_run_models, task_id=run_dbt_models, run_id=manual__2025-09-03T05:09:48.876635+00:00, execution_date=20250903T050948, start_date=20250903T050950, end_date=20250903T050958
[2025-09-03T05:09:58.847+0000] {standard_task_runner.py:110} ERROR - Failed to execute job 925 for task run_dbt_models (Bash command failed. The command returned a non-zero exit code 1.; 2980)
[2025-09-03T05:09:58.893+0000] {local_task_job_runner.py:243} INFO - Task exited with return code 1
[2025-09-03T05:09:58.917+0000] {taskinstance.py:3503} INFO - 0 downstream tasks scheduled from follow-on schedule check
[2025-09-03T05:09:58.924+0000] {local_task_job_runner.py:222} INFO - ::endgroup::
