[2025-08-25T16:00:02.949+0000] {local_task_job_runner.py:120} INFO - ::group::Pre task execution logs
[2025-08-25T16:00:03.037+0000] {taskinstance.py:2076} INFO - Dependencies all met for dep_context=non-requeueable deps ti=<TaskInstance: import_csv_to_postgres.load_csv_to_postgres scheduled__2025-08-25T15:30:00+00:00 [queued]>
[2025-08-25T16:00:03.069+0000] {taskinstance.py:2076} INFO - Dependencies all met for dep_context=requeueable deps ti=<TaskInstance: import_csv_to_postgres.load_csv_to_postgres scheduled__2025-08-25T15:30:00+00:00 [queued]>
[2025-08-25T16:00:03.071+0000] {taskinstance.py:2306} INFO - Starting attempt 1 of 1
[2025-08-25T16:00:03.129+0000] {taskinstance.py:2330} INFO - Executing <Task(PythonOperator): load_csv_to_postgres> on 2025-08-25 15:30:00+00:00
[2025-08-25T16:00:03.151+0000] {warnings.py:112} WARNING - /home/airflow/.local/lib/python3.12/site-packages/airflow/task/task_runner/standard_task_runner.py:62: DeprecationWarning: This process (pid=865) is multi-threaded, use of fork() may lead to deadlocks in the child.
  pid = os.fork()

[2025-08-25T16:00:03.154+0000] {standard_task_runner.py:64} INFO - Started process 867 to run task
[2025-08-25T16:00:03.154+0000] {standard_task_runner.py:90} INFO - Running: ['airflow', 'tasks', 'run', 'import_csv_to_postgres', 'load_csv_to_postgres', 'scheduled__2025-08-25T15:30:00+00:00', '--job-id', '544', '--raw', '--subdir', 'DAGS_FOLDER/csv_to_postgres_dag.py', '--cfg-path', '/tmp/tmpp5xdvtep']
[2025-08-25T16:00:03.159+0000] {standard_task_runner.py:91} INFO - Job 544: Subtask load_csv_to_postgres
[2025-08-25T16:00:03.202+0000] {warnings.py:112} WARNING - /home/airflow/.local/lib/python3.12/site-packages/airflow/settings.py:195: DeprecationWarning: The sql_alchemy_conn option in [core] has been moved to the sql_alchemy_conn option in [database] - the old setting has been used, but please update your config.
  SQL_ALCHEMY_CONN = conf.get("database", "SQL_ALCHEMY_CONN")

[2025-08-25T16:00:03.344+0000] {task_command.py:426} INFO - Running <TaskInstance: import_csv_to_postgres.load_csv_to_postgres scheduled__2025-08-25T15:30:00+00:00 [running]> on host b5ea13053d47
[2025-08-25T16:00:03.759+0000] {taskinstance.py:2648} INFO - Exporting env vars: AIRFLOW_CTX_DAG_OWNER='airflow' AIRFLOW_CTX_DAG_ID='import_csv_to_postgres' AIRFLOW_CTX_TASK_ID='load_csv_to_postgres' AIRFLOW_CTX_EXECUTION_DATE='2025-08-25T15:30:00+00:00' AIRFLOW_CTX_TRY_NUMBER='1' AIRFLOW_CTX_DAG_RUN_ID='scheduled__2025-08-25T15:30:00+00:00'
[2025-08-25T16:00:03.762+0000] {taskinstance.py:430} INFO - ::endgroup::
[2025-08-25T16:00:03.846+0000] {base.py:84} INFO - Using connection ID 'postgres_conn' for task execution.
[2025-08-25T16:00:05.881+0000] {logging_mixin.py:188} INFO - ✅ Загружен файл shipments.csv в таблицу shipments
[2025-08-25T16:00:06.584+0000] {logging_mixin.py:188} INFO - ✅ Загружен файл customers.csv в таблицу customers
[2025-08-25T16:00:07.288+0000] {logging_mixin.py:188} INFO - ✅ Загружен файл orders.csv в таблицу orders
[2025-08-25T16:00:07.352+0000] {logging_mixin.py:188} INFO - ✅ Загружен файл products.csv в таблицу products
[2025-08-25T16:00:08.366+0000] {logging_mixin.py:188} INFO - ✅ Загружен файл order_items.csv в таблицу order_items
[2025-08-25T16:00:08.381+0000] {logging_mixin.py:188} INFO - ✅ Загружен файл suppliers.csv в таблицу suppliers
[2025-08-25T16:00:08.511+0000] {taskinstance.py:441} INFO - ::group::Post task execution logs
[2025-08-25T16:00:08.512+0000] {taskinstance.py:2905} ERROR - Task failed with exception
Traceback (most recent call last):
  File "/home/airflow/.local/lib/python3.12/site-packages/sqlalchemy/engine/base.py", line 1890, in _execute_context
    self.dialect.do_executemany(
  File "/home/airflow/.local/lib/python3.12/site-packages/sqlalchemy/dialects/postgresql/psycopg2.py", line 982, in do_executemany
    context._psycopg2_fetched_rows = xtras.execute_values(
                                     ^^^^^^^^^^^^^^^^^^^^^
  File "/home/airflow/.local/lib/python3.12/site-packages/psycopg2/extras.py", line 1299, in execute_values
    cur.execute(b''.join(parts))
psycopg2.errors.UndefinedColumn: column "payment_date" of relation "payment" does not exist
LINE 1: ...r_id, payment_method, amount, transaction_status, payment_da...
                                                             ^


The above exception was the direct cause of the following exception:

Traceback (most recent call last):
  File "/home/airflow/.local/lib/python3.12/site-packages/airflow/models/taskinstance.py", line 465, in _execute_task
    result = _execute_callable(context=context, **execute_callable_kwargs)
             ^^^^^^^^^^^^^^^^^^^^^^^^^^^^^^^^^^^^^^^^^^^^^^^^^^^^^^^^^^^^^
  File "/home/airflow/.local/lib/python3.12/site-packages/airflow/models/taskinstance.py", line 432, in _execute_callable
    return execute_callable(context=context, **execute_callable_kwargs)
           ^^^^^^^^^^^^^^^^^^^^^^^^^^^^^^^^^^^^^^^^^^^^^^^^^^^^^^^^^^^^
  File "/home/airflow/.local/lib/python3.12/site-packages/airflow/models/baseoperator.py", line 401, in wrapper
    return func(self, *args, **kwargs)
           ^^^^^^^^^^^^^^^^^^^^^^^^^^^
  File "/home/airflow/.local/lib/python3.12/site-packages/airflow/operators/python.py", line 235, in execute
    return_value = self.execute_callable()
                   ^^^^^^^^^^^^^^^^^^^^^^^
  File "/home/airflow/.local/lib/python3.12/site-packages/airflow/operators/python.py", line 252, in execute_callable
    return self.python_callable(*self.op_args, **self.op_kwargs)
           ^^^^^^^^^^^^^^^^^^^^^^^^^^^^^^^^^^^^^^^^^^^^^^^^^^^^^
  File "/opt/airflow/dags/csv_to_postgres_dag.py", line 44, in load_csv_to_postgres
    df.to_sql(table_name, engine, if_exists="append", index=False, dtype=dtype_mapping)
  File "/home/airflow/.local/lib/python3.12/site-packages/pandas/util/_decorators.py", line 333, in wrapper
    return func(*args, **kwargs)
           ^^^^^^^^^^^^^^^^^^^^^
  File "/home/airflow/.local/lib/python3.12/site-packages/pandas/core/generic.py", line 3008, in to_sql
    return sql.to_sql(
           ^^^^^^^^^^^
  File "/home/airflow/.local/lib/python3.12/site-packages/pandas/io/sql.py", line 788, in to_sql
    return pandas_sql.to_sql(
           ^^^^^^^^^^^^^^^^^^
  File "/home/airflow/.local/lib/python3.12/site-packages/pandas/io/sql.py", line 1958, in to_sql
    total_inserted = sql_engine.insert_records(
                     ^^^^^^^^^^^^^^^^^^^^^^^^^^
  File "/home/airflow/.local/lib/python3.12/site-packages/pandas/io/sql.py", line 1507, in insert_records
    raise err
  File "/home/airflow/.local/lib/python3.12/site-packages/pandas/io/sql.py", line 1498, in insert_records
    return table.insert(chunksize=chunksize, method=method)
           ^^^^^^^^^^^^^^^^^^^^^^^^^^^^^^^^^^^^^^^^^^^^^^^^
  File "/home/airflow/.local/lib/python3.12/site-packages/pandas/io/sql.py", line 1059, in insert
    num_inserted = exec_insert(conn, keys, chunk_iter)
                   ^^^^^^^^^^^^^^^^^^^^^^^^^^^^^^^^^^^
  File "/home/airflow/.local/lib/python3.12/site-packages/pandas/io/sql.py", line 951, in _execute_insert
    result = conn.execute(self.table.insert(), data)
             ^^^^^^^^^^^^^^^^^^^^^^^^^^^^^^^^^^^^^^^
  File "/home/airflow/.local/lib/python3.12/site-packages/sqlalchemy/engine/base.py", line 1385, in execute
    return meth(self, multiparams, params, _EMPTY_EXECUTION_OPTS)
           ^^^^^^^^^^^^^^^^^^^^^^^^^^^^^^^^^^^^^^^^^^^^^^^^^^^^^^
  File "/home/airflow/.local/lib/python3.12/site-packages/sqlalchemy/sql/elements.py", line 334, in _execute_on_connection
    return connection._execute_clauseelement(
           ^^^^^^^^^^^^^^^^^^^^^^^^^^^^^^^^^^
  File "/home/airflow/.local/lib/python3.12/site-packages/sqlalchemy/engine/base.py", line 1577, in _execute_clauseelement
    ret = self._execute_context(
          ^^^^^^^^^^^^^^^^^^^^^^
  File "/home/airflow/.local/lib/python3.12/site-packages/sqlalchemy/engine/base.py", line 1953, in _execute_context
    self._handle_dbapi_exception(
  File "/home/airflow/.local/lib/python3.12/site-packages/sqlalchemy/engine/base.py", line 2134, in _handle_dbapi_exception
    util.raise_(
  File "/home/airflow/.local/lib/python3.12/site-packages/sqlalchemy/util/compat.py", line 211, in raise_
    raise exception
  File "/home/airflow/.local/lib/python3.12/site-packages/sqlalchemy/engine/base.py", line 1890, in _execute_context
    self.dialect.do_executemany(
  File "/home/airflow/.local/lib/python3.12/site-packages/sqlalchemy/dialects/postgresql/psycopg2.py", line 982, in do_executemany
    context._psycopg2_fetched_rows = xtras.execute_values(
                                     ^^^^^^^^^^^^^^^^^^^^^
  File "/home/airflow/.local/lib/python3.12/site-packages/psycopg2/extras.py", line 1299, in execute_values
    cur.execute(b''.join(parts))
sqlalchemy.exc.ProgrammingError: (psycopg2.errors.UndefinedColumn) column "payment_date" of relation "payment" does not exist
LINE 1: ...r_id, payment_method, amount, transaction_status, payment_da...
                                                             ^

[SQL: INSERT INTO payment (payment_id, order_id, payment_method, amount, transaction_status, payment_date) VALUES (%(payment_id)s, %(order_id)s, %(payment_method)s, %(amount)s, %(transaction_status)s, %(payment_date)s)]
[parameters: ({'payment_id': 1, 'order_id': 1, 'payment_method': 'Credit Card', 'amount': 232.15, 'transaction_status': 'Completed', 'payment_date': None}, {'payment_id': 2, 'order_id': 2, 'payment_method': 'Credit Card', 'amount': 454.44, 'transaction_status': 'Completed', 'payment_date': None}, {'payment_id': 3, 'order_id': 3, 'payment_method': 'Credit Card', 'amount': 26.14, 'transaction_status': 'Completed', 'payment_date': None}, {'payment_id': 4, 'order_id': 4, 'payment_method': 'Credit Card', 'amount': 985.7, 'transaction_status': 'Completed', 'payment_date': None}, {'payment_id': 5, 'order_id': 5, 'payment_method': 'Credit Card', 'amount': 733.32, 'transaction_status': 'Completed', 'payment_date': None}, {'payment_id': 6, 'order_id': 6, 'payment_method': 'Credit Card', 'amount': 629.36, 'transaction_status': 'Completed', 'payment_date': None}, {'payment_id': 7, 'order_id': 7, 'payment_method': 'Credit Card', 'amount': 461.51, 'transaction_status': 'Completed', 'payment_date': None}, {'payment_id': 8, 'order_id': 8, 'payment_method': 'Credit Card', 'amount': 464.73, 'transaction_status': 'Completed', 'payment_date': None}  ... displaying 10 of 15009 total bound parameter sets ...  {'payment_id': 15008, 'order_id': 15008, 'payment_method': 'paypal', 'amount': 2069.21, 'transaction_status': None, 'payment_date': '2024-11-14 00:00:00'}, {'payment_id': 15009, 'order_id': 15009, 'payment_method': 'paypal', 'amount': 418.44, 'transaction_status': None, 'payment_date': '2024-11-14 00:00:00'})]
(Background on this error at: https://sqlalche.me/e/14/f405)
[2025-08-25T16:00:08.528+0000] {taskinstance.py:1206} INFO - Marking task as FAILED. dag_id=import_csv_to_postgres, task_id=load_csv_to_postgres, run_id=scheduled__2025-08-25T15:30:00+00:00, execution_date=20250825T153000, start_date=20250825T160003, end_date=20250825T160008
[2025-08-25T16:00:08.543+0000] {standard_task_runner.py:110} ERROR - Failed to execute job 544 for task load_csv_to_postgres ((psycopg2.errors.UndefinedColumn) column "payment_date" of relation "payment" does not exist
LINE 1: ...r_id, payment_method, amount, transaction_status, payment_da...
                                                             ^

[SQL: INSERT INTO payment (payment_id, order_id, payment_method, amount, transaction_status, payment_date) VALUES (%(payment_id)s, %(order_id)s, %(payment_method)s, %(amount)s, %(transaction_status)s, %(payment_date)s)]
[parameters: ({'payment_id': 1, 'order_id': 1, 'payment_method': 'Credit Card', 'amount': 232.15, 'transaction_status': 'Completed', 'payment_date': None}, {'payment_id': 2, 'order_id': 2, 'payment_method': 'Credit Card', 'amount': 454.44, 'transaction_status': 'Completed', 'payment_date': None}, {'payment_id': 3, 'order_id': 3, 'payment_method': 'Credit Card', 'amount': 26.14, 'transaction_status': 'Completed', 'payment_date': None}, {'payment_id': 4, 'order_id': 4, 'payment_method': 'Credit Card', 'amount': 985.7, 'transaction_status': 'Completed', 'payment_date': None}, {'payment_id': 5, 'order_id': 5, 'payment_method': 'Credit Card', 'amount': 733.32, 'transaction_status': 'Completed', 'payment_date': None}, {'payment_id': 6, 'order_id': 6, 'payment_method': 'Credit Card', 'amount': 629.36, 'transaction_status': 'Completed', 'payment_date': None}, {'payment_id': 7, 'order_id': 7, 'payment_method': 'Credit Card', 'amount': 461.51, 'transaction_status': 'Completed', 'payment_date': None}, {'payment_id': 8, 'order_id': 8, 'payment_method': 'Credit Card', 'amount': 464.73, 'transaction_status': 'Completed', 'payment_date': None}  ... displaying 10 of 15009 total bound parameter sets ...  {'payment_id': 15008, 'order_id': 15008, 'payment_method': 'paypal', 'amount': 2069.21, 'transaction_status': None, 'payment_date': '2024-11-14 00:00:00'}, {'payment_id': 15009, 'order_id': 15009, 'payment_method': 'paypal', 'amount': 418.44, 'transaction_status': None, 'payment_date': '2024-11-14 00:00:00'})]
(Background on this error at: https://sqlalche.me/e/14/f405); 867)
[2025-08-25T16:00:08.573+0000] {local_task_job_runner.py:243} INFO - Task exited with return code 1
[2025-08-25T16:00:08.589+0000] {taskinstance.py:3503} INFO - 0 downstream tasks scheduled from follow-on schedule check
[2025-08-25T16:00:08.602+0000] {local_task_job_runner.py:222} INFO - ::endgroup::
